<?xml version="1.0" encoding="UTF-8"?>
<testng-results ignored="0" total="4" passed="4" failed="0" skipped="0">
  <reporter-output>
  </reporter-output>
  <suite started-at="2023-09-26T21:54:11 BDT" name="Default suite" finished-at="2023-09-26T21:54:12 BDT" duration-ms="776">
    <groups>
      <group name="cucumber">
        <method signature="AbstractTestNGCucumberTests.runScenario(io.cucumber.testng.PickleWrapper,io.cucumber.testng.FeatureWrapper)[pri:0, instance:cucumberOptions.SearchProductTestNGRunner@60bd273d]" name="runScenario" class="io.cucumber.testng.AbstractTestNGCucumberTests"/>
      </group> <!-- cucumber -->
    </groups>
    <test started-at="2023-09-26T21:54:11 BDT" name="Default test" finished-at="2023-09-26T21:54:12 BDT" duration-ms="776">
      <class name="cucumberOptions.SearchProductTestNGRunner">
        <test-method is-config="true" signature="setUpClass(org.testng.ITestContext)[pri:0, instance:cucumberOptions.SearchProductTestNGRunner@60bd273d]" started-at="2023-09-26T21:54:11 BDT" name="setUpClass" finished-at="2023-09-26T21:54:12 BDT" duration-ms="411" status="PASS">
          <params>
            <param index="0">
              <value>
                <![CDATA[org.testng.TestRunner@2c1b9e4b]]>
              </value>
            </param>
          </params>
          <reporter-output>
          </reporter-output>
        </test-method> <!-- setUpClass -->
        <test-method signature="runScenario(io.cucumber.testng.PickleWrapper,io.cucumber.testng.FeatureWrapper)[pri:0, instance:cucumberOptions.SearchProductTestNGRunner@60bd273d]" started-at="2023-09-26T21:54:12 BDT" name="runScenario" description="Runs Cucumber Scenarios" data-provider="scenarios" finished-at="2023-09-26T21:54:12 BDT" duration-ms="231" status="PASS">
          <params>
            <param index="0">
              <value>
                <![CDATA["Admin Page default login"]]>
              </value>
            </param>
            <param index="1">
              <value>
                <![CDATA["Appication Loging"]]>
              </value>
            </param>
          </params>
          <reporter-output>
          </reporter-output>
        </test-method> <!-- runScenario -->
        <test-method signature="runScenario(io.cucumber.testng.PickleWrapper,io.cucumber.testng.FeatureWrapper)[pri:0, instance:cucumberOptions.SearchProductTestNGRunner@60bd273d]" started-at="2023-09-26T21:54:12 BDT" name="runScenario" description="Runs Cucumber Scenarios" data-provider="scenarios" finished-at="2023-09-26T21:54:12 BDT" duration-ms="9" status="PASS">
          <params>
            <param index="0">
              <value>
                <![CDATA["user Page default login"]]>
              </value>
            </param>
            <param index="1">
              <value>
                <![CDATA["Appication Loging"]]>
              </value>
            </param>
          </params>
          <reporter-output>
          </reporter-output>
        </test-method> <!-- runScenario -->
        <test-method signature="runScenario(io.cucumber.testng.PickleWrapper,io.cucumber.testng.FeatureWrapper)[pri:0, instance:cucumberOptions.SearchProductTestNGRunner@60bd273d]" started-at="2023-09-26T21:54:12 BDT" name="runScenario" description="Runs Cucumber Scenarios" data-provider="scenarios" finished-at="2023-09-26T21:54:12 BDT" duration-ms="11" status="PASS">
          <params>
            <param index="0">
              <value>
                <![CDATA["user Page default login"]]>
              </value>
            </param>
            <param index="1">
              <value>
                <![CDATA["Appication Loging"]]>
              </value>
            </param>
          </params>
          <reporter-output>
          </reporter-output>
        </test-method> <!-- runScenario -->
        <test-method signature="runScenario(io.cucumber.testng.PickleWrapper,io.cucumber.testng.FeatureWrapper)[pri:0, instance:cucumberOptions.SearchProductTestNGRunner@60bd273d]" started-at="2023-09-26T21:54:12 BDT" name="runScenario" description="Runs Cucumber Scenarios" data-provider="scenarios" finished-at="2023-09-26T21:54:12 BDT" duration-ms="18" status="PASS">
          <params>
            <param index="0">
              <value>
                <![CDATA["Search experience for product search in home and offers page."]]>
              </value>
            </param>
            <param index="1">
              <value>
                <![CDATA["Search and place the order for products."]]>
              </value>
            </param>
          </params>
          <reporter-output>
          </reporter-output>
        </test-method> <!-- runScenario -->
        <test-method is-config="true" signature="tearDownClass()[pri:0, instance:cucumberOptions.SearchProductTestNGRunner@60bd273d]" started-at="2023-09-26T21:54:12 BDT" name="tearDownClass" finished-at="2023-09-26T21:54:12 BDT" duration-ms="5" status="PASS">
          <reporter-output>
          </reporter-output>
        </test-method> <!-- tearDownClass -->
      </class> <!-- cucumberOptions.SearchProductTestNGRunner -->
    </test> <!-- Default test -->
  </suite> <!-- Default suite -->
</testng-results>
