<?xml version="1.0" encoding="UTF-8"?>
<testng-results ignored="0" total="1" passed="0" failed="1" skipped="0">
  <reporter-output>
  </reporter-output>
  <suite started-at="2023-09-30T23:56:06 BDT" name="Default suite" finished-at="2023-09-30T23:56:18 BDT" duration-ms="12232">
    <groups>
      <group name="cucumber">
        <method signature="AbstractTestNGCucumberTests.runScenario(io.cucumber.testng.PickleWrapper,io.cucumber.testng.FeatureWrapper)[pri:0, instance:cucumberOptions.SearchProductTestNGRunner@413d1baf]" name="runScenario" class="io.cucumber.testng.AbstractTestNGCucumberTests"/>
      </group> <!-- cucumber -->
    </groups>
    <test started-at="2023-09-30T23:56:06 BDT" name="Default test" finished-at="2023-09-30T23:56:18 BDT" duration-ms="12232">
      <class name="cucumberOptions.SearchProductTestNGRunner">
        <test-method is-config="true" signature="setUpClass(org.testng.ITestContext)[pri:0, instance:cucumberOptions.SearchProductTestNGRunner@413d1baf]" started-at="2023-09-30T23:56:06 BDT" name="setUpClass" finished-at="2023-09-30T23:56:06 BDT" duration-ms="468" status="PASS">
          <params>
            <param index="0">
              <value>
                <![CDATA[org.testng.TestRunner@57562473]]>
              </value>
            </param>
          </params>
          <reporter-output>
          </reporter-output>
        </test-method> <!-- setUpClass -->
        <test-method signature="runScenario(io.cucumber.testng.PickleWrapper,io.cucumber.testng.FeatureWrapper)[pri:0, instance:cucumberOptions.SearchProductTestNGRunner@413d1baf]" started-at="2023-09-30T23:56:06 BDT" name="runScenario" description="Runs Cucumber Scenarios" data-provider="scenarios" finished-at="2023-09-30T23:56:18 BDT" duration-ms="11591" status="FAIL">
          <params>
            <param index="0">
              <value>
                <![CDATA["Search experience for product search in home and offers page"]]>
              </value>
            </param>
            <param index="1">
              <value>
                <![CDATA["Search and place the order for products"]]>
              </value>
            </param>
          </params>
          <exception class="java.lang.NullPointerException">
            <message>
              <![CDATA[Cannot invoke "pageObjectModel.PageObjectManager.getLandingPage()" because "this.textContextSetup.pageObjectManager" is null]]>
            </message>
            <full-stacktrace>
              <![CDATA[java.lang.NullPointerException: Cannot invoke "pageObjectModel.PageObjectManager.getLandingPage()" because "this.textContextSetup.pageObjectManager" is null
at stepDefinitions.LandingPageStepDefinitions.user_search_short_name_and_extracted_actual_name_of_product(LandingPageStepDefinitions.java:30)
at ✽.user search shortname "Tom" and extracted actual name of product(file:///C:/Users/ShakilAhmed/git/Cucumber-Framework-using-Selenium-/CucumberBDDFramework/src/test/java/features/searchProduct.feature:5)
]]>
            </full-stacktrace>
          </exception> <!-- java.lang.NullPointerException -->
          <reporter-output>
          </reporter-output>
        </test-method> <!-- runScenario -->
        <test-method is-config="true" signature="tearDownClass()[pri:0, instance:cucumberOptions.SearchProductTestNGRunner@413d1baf]" started-at="2023-09-30T23:56:18 BDT" name="tearDownClass" finished-at="2023-09-30T23:56:18 BDT" duration-ms="4" status="PASS">
          <reporter-output>
          </reporter-output>
        </test-method> <!-- tearDownClass -->
      </class> <!-- cucumberOptions.SearchProductTestNGRunner -->
    </test> <!-- Default test -->
  </suite> <!-- Default suite -->
</testng-results>
